10:42:41: Creating resource group General
10:42:41: Creating resource group Internal
10:42:41: Creating resource group Autodetect
10:42:41: SceneManagerFactory for type 'DefaultSceneManager' registered.
10:42:41: Registering ResourceManager for type Material
10:42:41: Registering ResourceManager for type Mesh
10:42:41: Registering ResourceManager for type Skeleton
10:42:41: MovableObjectFactory for type 'ParticleSystem' registered.
10:42:41: ArchiveFactory for archive type FileSystem registered.
10:42:41: ArchiveFactory for archive type Zip registered.
10:42:41: ArchiveFactory for archive type EmbeddedZip registered.
10:42:41: DDS codec registering
10:42:41: FreeImage version: 3.15.3
10:42:41: This program uses FreeImage, a free, open source image library supporting all common bitmap formats. See http://freeimage.sourceforge.net for details
10:42:41: Supported formats: bmp,ico,jpg,jif,jpeg,jpe,jng,koa,iff,lbm,mng,pbm,pbm,pcd,pcx,pgm,pgm,png,ppm,ppm,ras,tga,targa,tif,tiff,wap,wbmp,wbm,psd,cut,xbm,xpm,gif,hdr,g3,sgi,exr,j2k,j2c,jp2,pfm,pct,pict,pic,3fr,arw,bay,bmq,cap,cine,cr2,crw,cs1,dc2,dcr,drf,dsc,dng,erf,fff,ia,iiq,k25,kc2,kdc,mdc,mef,mos,mrw,nef,nrw,orf,pef,ptx,pxn,qtk,raf,raw,rdc,rw2,rwl,rwz,sr2,srf,srw,sti
10:42:41: Registering ResourceManager for type HighLevelGpuProgram
10:42:41: Registering ResourceManager for type Compositor
10:42:41: MovableObjectFactory for type 'Entity' registered.
10:42:41: MovableObjectFactory for type 'Light' registered.
10:42:41: MovableObjectFactory for type 'BillboardSet' registered.
10:42:41: MovableObjectFactory for type 'ManualObject' registered.
10:42:41: MovableObjectFactory for type 'BillboardChain' registered.
10:42:41: MovableObjectFactory for type 'RibbonTrail' registered.
10:42:41: Loading library .\RenderSystem_Direct3D9
10:42:41: Installing plugin: D3D9 RenderSystem
10:42:41: D3D9 : Direct3D9 Rendering Subsystem created.
10:42:41: D3D9: Driver Detection Starts
10:42:41: D3D9: Driver Detection Ends
10:42:41: Plugin successfully installed
10:42:41: Loading library .\RenderSystem_GL
10:42:41: Installing plugin: GL RenderSystem
10:42:41: OpenGL Rendering Subsystem created.
10:42:41: Plugin successfully installed
10:42:41: Loading library .\Plugin_ParticleFX
10:42:41: Installing plugin: ParticleFX
10:42:41: Particle Emitter Type 'Point' registered
10:42:41: Particle Emitter Type 'Box' registered
10:42:41: Particle Emitter Type 'Ellipsoid' registered
10:42:41: Particle Emitter Type 'Cylinder' registered
10:42:41: Particle Emitter Type 'Ring' registered
10:42:41: Particle Emitter Type 'HollowEllipsoid' registered
10:42:41: Particle Affector Type 'LinearForce' registered
10:42:41: Particle Affector Type 'ColourFader' registered
10:42:41: Particle Affector Type 'ColourFader2' registered
10:42:41: Particle Affector Type 'ColourImage' registered
10:42:41: Particle Affector Type 'ColourInterpolator' registered
10:42:41: Particle Affector Type 'Scaler' registered
10:42:41: Particle Affector Type 'Rotator' registered
10:42:41: Particle Affector Type 'DirectionRandomiser' registered
10:42:41: Particle Affector Type 'DeflectorPlane' registered
10:42:41: Plugin successfully installed
10:42:41: Loading library .\Plugin_CgProgramManager
10:42:41: Installing plugin: Cg Program Manager
10:42:41: Plugin successfully installed
10:42:41: Loading library .\Plugin_OctreeSceneManager
10:42:41: Installing plugin: Octree Scene Manager
10:42:41: Plugin successfully installed
10:42:41: Loading library .\OgreOfsPlugin
10:42:41: Installing plugin: OFS Archive
10:42:41: ArchiveFactory for archive type Ofs registered.
10:42:41: Plugin successfully installed
10:42:41: *-*-* OGRE Initialising
10:42:41: *-*-* Version 1.9.0unstable (Ghadamon)
10:42:41: Creating resource group Bootstrap
10:42:41: Added resource location '../Media/packs/OgreCore.zip' of type 'Zip' to resource group 'Bootstrap'
10:42:41: Added resource location '../Media/packs/SdkTrays.zip' of type 'Zip' to resource group 'Bootstrap'
10:42:41: Creating resource group Brushes
10:42:41: Added resource location '../Media/brushes' of type 'FileSystem' to resource group 'Brushes'
10:42:41: Creating resource group Caelum
10:42:41: Added resource location '../Media/editorResources/Caelum' of type 'FileSystem' to resource group 'Caelum'
10:42:41: Creating resource group EditorResources
10:42:41: Added resource location '../Media/editorResources' of type 'FileSystem' to resource group 'EditorResources'
10:42:41: Added resource location '../Media/particle' of type 'FileSystem' to resource group 'General'
10:42:41: Creating resource group Hydrax
10:42:41: Added resource location '../Media/editorResources/Hydrax' of type 'FileSystem' to resource group 'Hydrax'
10:42:41: Creating resource group SkyX
10:42:41: Added resource location '../Media/editorResources/SkyX' of type 'FileSystem' to resource group 'SkyX'
10:42:41: CPU Identifier & Features
10:42:41: -------------------------
10:42:41:  *   CPU ID: GenuineIntel: Intel(R) Core(TM) i7 CPU         870  @ 2.93GHz
10:42:41:  *      SSE: yes
10:42:41:  *     SSE2: yes
10:42:41:  *     SSE3: yes
10:42:41:  *      MMX: yes
10:42:41:  *   MMXEXT: yes
10:42:41:  *    3DNOW: no
10:42:41:  * 3DNOWEXT: no
10:42:41:  *     CMOV: yes
10:42:41:  *      TSC: yes
10:42:41:  *      FPU: yes
10:42:41:  *      PRO: yes
10:42:41:  *       HT: no
10:42:41: -------------------------
10:42:41: *** Starting Win32GL Subsystem ***
10:42:41: Registering ResourceManager for type Texture
10:42:41: Loading library ../Plugins/OgAngelScript.dll
10:42:41: Loading library ../Plugins/CustomSerializer.dll
10:42:41: Loading library ../Plugins/DotSceneSerializer.dll
10:42:41: Loading library ../Plugins/OgAngelDialogManager.dll
10:42:41: Loading library ../Plugins/OgCaelum.dll
10:42:41: Loading library ../Plugins/OgHydrax.dll
10:42:41: Loading library ../Plugins/OgMaterialEditor.dll
10:42:41: Loading library ../Plugins/OgModularZone.dll
10:42:41: Loading library ../Plugins/OgScreenEffectEditor.dll
10:42:41: Loading library ../Plugins/OgScriptEditor.dll
10:42:41: Loading library ../Plugins/OgSkyX.dll
10:42:41: GLRenderSystem::_createRenderWindow "Primary1", 1x1 windowed  miscParams: border=none externalWindowHandle=12519154 
10:42:42: GL_VERSION = 3.3.11672 Compatibility Profile Context
10:42:42: GL_VENDOR = ATI Technologies Inc.
10:42:42: GL_RENDERER = ATI Radeon HD 4550
10:42:42: GL_EXTENSIONS = GL_AMDX_debug_output GL_AMDX_vertex_shader_tessellator GL_AMD_conservative_depth GL_AMD_debug_output GL_AMD_depth_clamp_separate GL_AMD_draw_buffers_blend GL_AMD_name_gen_delete GL_AMD_performance_monitor GL_AMD_pinned_memory GL_AMD_sample_positions GL_AMD_seamless_cubemap_per_texture GL_AMD_shader_stencil_export GL_AMD_texture_cube_map_array GL_AMD_texture_texture4 GL_AMD_vertex_shader_tessellator GL_ARB_ES2_compatibility GL_ARB_base_instance GL_ARB_blend_func_extended GL_ARB_color_buffer_float GL_ARB_compressed_texture_pixel_storage GL_ARB_conservative_depth GL_ARB_copy_buffer GL_ARB_depth_buffer_float GL_ARB_depth_clamp GL_ARB_depth_texture GL_ARB_draw_buffers GL_ARB_draw_buffers_blend GL_ARB_draw_elements_base_vertex GL_ARB_draw_instanced GL_ARB_explicit_attrib_location GL_ARB_fragment_coord_conventions GL_ARB_fragment_program GL_ARB_fragment_program_shadow GL_ARB_fragment_shader GL_ARB_framebuffer_object GL_ARB_framebuffer_sRGB GL_ARB_geometry_shader4 GL_ARB_get_program_binary GL_ARB_half_float_pixel GL_ARB_half_float_vertex GL_ARB_imaging GL_ARB_instanced_arrays GL_ARB_internalformat_query GL_ARB_map_buffer_alignment GL_ARB_map_buffer_range GL_ARB_multisample GL_ARB_multitexture GL_ARB_occlusion_query GL_ARB_occlusion_query2 GL_ARB_pixel_buffer_object GL_ARB_point_parameters GL_ARB_point_sprite GL_ARB_provoking_vertex GL_ARB_sample_shading GL_ARB_sampler_objects GL_ARB_seamless_cube_map GL_ARB_separate_shader_objects GL_ARB_shader_bit_encoding GL_ARB_shader_objects GL_ARB_shader_precision GL_ARB_shader_stencil_export GL_ARB_shader_texture_lod GL_ARB_shading_language_100 GL_ARB_shading_language_420pack GL_ARB_shading_language_packing GL_ARB_shadow GL_ARB_shadow_ambient GL_ARB_sync GL_ARB_texture_border_clamp GL_ARB_texture_buffer_object GL_ARB_texture_buffer_object_rgb32 GL_ARB_texture_compression GL_ARB_texture_compression_rgtc GL_ARB_texture_cube_map GL_ARB_texture_cube_map_array GL_ARB_texture_env_add GL_ARB_texture_env_combine GL_ARB_texture_env_crossbar GL_ARB_texture_env_dot3 GL_ARB_texture_float GL_ARB_texture_gather GL_ARB_texture_mirrored_repeat GL_ARB_texture_multisample GL_ARB_texture_non_power_of_two GL_ARB_texture_query_lod GL_ARB_texture_rectangle GL_ARB_texture_rg GL_ARB_texture_rgb10_a2ui GL_ARB_texture_snorm GL_ARB_texture_storage GL_ARB_timer_query GL_ARB_transform_feedback2 GL_ARB_transform_feedback3 GL_ARB_transform_feedback_instanced GL_ARB_transpose_matrix GL_ARB_uniform_buffer_object GL_ARB_vertex_array_bgra GL_ARB_vertex_array_object GL_ARB_vertex_buffer_object GL_ARB_vertex_program GL_ARB_vertex_shader GL_ARB_vertex_type_2_10_10_10_rev GL_ARB_viewport_array GL_ARB_window_pos GL_ATI_draw_buffers GL_ATI_envmap_bumpmap GL_ATI_fragment_shader GL_ATI_meminfo GL_ATI_separate_stencil GL_ATI_texture_compression_3dc GL_ATI_texture_env_combine3 GL_ATI_texture_float GL_ATI_texture_mirror_once GL_EXT_abgr GL_EXT_bgra GL_EXT_bindable_uniform GL_EXT_blend_color GL_EXT_blend_equation_separate GL_EXT_blend_func_separate GL_EXT_blend_minmax GL_EXT_blend_subtract GL_EXT_compiled_vertex_array GL_EXT_copy_buffer GL_EXT_copy_texture GL_EXT_direct_state_access GL_EXT_draw_buffers2 GL_EXT_draw_instanced GL_EXT_draw_range_elements GL_EXT_fog_coord GL_EXT_framebuffer_blit GL_EXT_framebuffer_multisample GL_EXT_framebuffer_object GL_EXT_framebuffer_sRGB GL_EXT_geometry_shader4 GL_EXT_gpu_program_parameters GL_EXT_gpu_shader4 GL_EXT_histogram GL_EXT_multi_draw_arrays GL_EXT_packed_depth_stencil GL_EXT_packed_float GL_EXT_packed_pixels GL_EXT_pixel_buffer_object GL_EXT_point_parameters GL_EXT_provoking_vertex GL_EXT_rescale_normal GL_EXT_secondary_color GL_EXT_separate_specular_color GL_EXT_shadow_funcs GL_EXT_stencil_wrap GL_EXT_subtexture GL_EXT_texgen_reflection GL_EXT_texture3D GL_EXT_texture_array GL_EXT_texture_buffer_object GL_EXT_texture_compression_latc GL_EXT_texture_compression_rgtc GL_EXT_texture_compression_s3tc GL_EXT_texture_cube_map GL_EXT_texture_edge_clamp GL_EXT_texture_env_add GL_EXT_texture_env_combine GL_EXT_texture_env_dot3 GL_EXT_texture_filter_anisotropic GL_EXT_texture_integer GL_EXT_texture_lod GL_EXT_texture_lod_bias GL_EXT_texture_mirror_clamp GL_EXT_texture_object GL_EXT_texture_rectangle GL_EXT_texture_sRGB GL_EXT_texture_sRGB_decode GL_EXT_texture_shared_exponent GL_EXT_texture_snorm GL_EXT_texture_storage GL_EXT_texture_swizzle GL_EXT_timer_query GL_EXT_transform_feedback GL_EXT_vertex_array GL_EXT_vertex_array_bgra GL_IBM_texture_mirrored_repeat GL_KTX_buffer_region GL_NV_blend_square GL_NV_conditional_render GL_NV_copy_depth_to_color GL_NV_copy_image GL_NV_explicit_multisample GL_NV_float_buffer GL_NV_half_float GL_NV_primitive_restart GL_NV_texgen_reflection GL_NV_texture_barrier GL_SGIS_generate_mipmap GL_SGIS_texture_edge_clamp GL_SGIS_texture_lod GL_SUN_multi_draw_arrays GL_WIN_swap_hint WGL_EXT_swap_control
10:42:42: Supported WGL extensions: WGL_ARB_extensions_string WGL_ARB_pixel_format WGL_ATI_pixel_format_float WGL_ARB_pixel_format_float WGL_ARB_multisample WGL_EXT_swap_control WGL_EXT_swap_control_tear WGL_ARB_pbuffer WGL_ARB_render_texture WGL_ARB_make_current_read WGL_EXT_extensions_string WGL_ARB_buffer_region WGL_EXT_framebuffer_sRGB WGL_ATI_render_texture_rectangle WGL_EXT_pixel_format_packed_float WGL_I3D_genlock WGL_NV_swap_group WGL_ARB_create_context WGL_AMD_gpu_association WGL_AMDX_gpu_association WGL_ARB_create_context_profile WGL_NV_float_buffer
10:42:42: ***************************
10:42:42: *** GL Renderer Started ***
10:42:42: ***************************
10:42:42: Registering ResourceManager for type GpuProgram
10:42:42: GLSL support detected
10:42:42: GL: Using GL_EXT_framebuffer_object for rendering to textures (best)
10:42:42: FBO PF_UNKNOWN depth/stencil support: D0S1 D0S4 D0S8 D0S16 D16S0 D24S0 D32S0 Packed-D24S8 
10:42:42: FBO PF_L8 depth/stencil support: D0S0 D0S1 D0S4 D0S8 D0S16 D16S0 D24S0 D32S0 Packed-D24S8 
10:42:42: FBO PF_L16 depth/stencil support: D0S0 D0S1 D0S4 D0S8 D0S16 D16S0 D24S0 D32S0 Packed-D24S8 
10:42:42: FBO PF_A8 depth/stencil support: D0S0 D0S1 D0S4 D0S8 D0S16 D16S0 D24S0 D32S0 Packed-D24S8 
10:42:42: FBO PF_A4L4 depth/stencil support: D0S0 D0S1 D0S4 D0S8 D0S16 D16S0 D24S0 D32S0 Packed-D24S8 
10:42:42: FBO PF_BYTE_LA depth/stencil support: D0S0 D0S1 D0S4 D0S8 D0S16 D16S0 D24S0 D32S0 Packed-D24S8 
10:42:42: FBO PF_R5G6B5 depth/stencil support: D0S0 D0S1 D0S4 D0S8 D0S16 D16S0 D24S0 D32S0 Packed-D24S8 
10:42:42: FBO PF_B5G6R5 depth/stencil support: D0S0 D0S1 D0S4 D0S8 D0S16 D16S0 D24S0 D32S0 Packed-D24S8 
10:42:42: FBO PF_A4R4G4B4 depth/stencil support: D0S0 D0S1 D0S4 D0S8 D0S16 D16S0 D24S0 D32S0 Packed-D24S8 
10:42:42: FBO PF_A1R5G5B5 depth/stencil support: D0S0 D0S1 D0S4 D0S8 D0S16 D16S0 D24S0 D32S0 Packed-D24S8 
10:42:42: FBO PF_R8G8B8 depth/stencil support: D0S0 D0S1 D0S4 D0S8 D0S16 D16S0 D24S0 D32S0 Packed-D24S8 
10:42:42: FBO PF_B8G8R8 depth/stencil support: D0S0 D0S1 D0S4 D0S8 D0S16 D16S0 D24S0 D32S0 Packed-D24S8 
10:42:42: FBO PF_A8R8G8B8 depth/stencil support: D0S0 D0S1 D0S4 D0S8 D0S16 D16S0 D24S0 D32S0 Packed-D24S8 
10:42:42: FBO PF_B8G8R8A8 depth/stencil support: D0S0 D0S1 D0S4 D0S8 D0S16 D16S0 D24S0 D32S0 Packed-D24S8 
10:42:42: FBO PF_A2R10G10B10 depth/stencil support: D0S0 D0S1 D0S4 D0S8 D0S16 D16S0 D24S0 D32S0 Packed-D24S8 
10:42:42: FBO PF_A2B10G10R10 depth/stencil support: D0S0 D0S1 D0S4 D0S8 D0S16 D16S0 D24S0 D32S0 Packed-D24S8 
10:42:42: FBO PF_FLOAT16_RGB depth/stencil support: D0S0 D0S1 D0S4 D0S8 D0S16 D16S0 D24S0 D32S0 Packed-D24S8 
10:42:42: FBO PF_FLOAT16_RGBA depth/stencil support: D0S0 D0S1 D0S4 D0S8 D0S16 D16S0 D24S0 D32S0 Packed-D24S8 
10:42:42: FBO PF_FLOAT32_RGB depth/stencil support: D0S0 D0S1 D0S4 D0S8 D0S16 D16S0 D24S0 D32S0 Packed-D24S8 
10:42:42: FBO PF_FLOAT32_RGBA depth/stencil support: D0S0 D0S1 D0S4 D0S8 D0S16 D16S0 D24S0 D32S0 Packed-D24S8 
10:42:42: FBO PF_X8R8G8B8 depth/stencil support: D0S0 D0S1 D0S4 D0S8 D0S16 D16S0 D24S0 D32S0 Packed-D24S8 
10:42:42: FBO PF_X8B8G8R8 depth/stencil support: D0S0 D0S1 D0S4 D0S8 D0S16 D16S0 D24S0 D32S0 Packed-D24S8 
10:42:42: FBO PF_SHORT_RGBA depth/stencil support: D0S0 D0S1 D0S4 D0S8 D0S16 D16S0 D24S0 D32S0 Packed-D24S8 
10:42:42: FBO PF_R3G3B2 depth/stencil support: D0S0 D0S1 D0S4 D0S8 D0S16 D16S0 D24S0 D32S0 Packed-D24S8 
10:42:42: FBO PF_FLOAT16_R depth/stencil support: D0S0 D0S1 D0S4 D0S8 D0S16 D16S0 D24S0 D32S0 Packed-D24S8 
10:42:42: FBO PF_FLOAT32_R depth/stencil support: D0S0 D0S1 D0S4 D0S8 D0S16 D16S0 D24S0 D32S0 Packed-D24S8 
10:42:42: FBO PF_SHORT_GR depth/stencil support: D0S0 D0S1 D0S4 D0S8 D0S16 D16S0 D24S0 D32S0 Packed-D24S8 
10:42:42: FBO PF_FLOAT16_GR depth/stencil support: D0S0 D0S1 D0S4 D0S8 D0S16 D16S0 D24S0 D32S0 Packed-D24S8 
10:42:42: FBO PF_FLOAT32_GR depth/stencil support: D0S0 D0S1 D0S4 D0S8 D0S16 D16S0 D24S0 D32S0 Packed-D24S8 
10:42:42: FBO PF_SHORT_RGB depth/stencil support: D0S0 D0S1 D0S4 D0S8 D0S16 D16S0 D24S0 D32S0 Packed-D24S8 
10:42:42: [GL] : Valid FBO targets PF_UNKNOWN PF_L8 PF_L16 PF_A8 PF_A4L4 PF_BYTE_LA PF_R5G6B5 PF_B5G6R5 PF_A4R4G4B4 PF_A1R5G5B5 PF_R8G8B8 PF_B8G8R8 PF_A8R8G8B8 PF_B8G8R8A8 PF_A2R10G10B10 PF_A2B10G10R10 PF_FLOAT16_RGB PF_FLOAT16_RGBA PF_FLOAT32_RGB PF_FLOAT32_RGBA PF_X8R8G8B8 PF_X8B8G8R8 PF_SHORT_RGBA PF_R3G3B2 PF_FLOAT16_R PF_FLOAT32_R PF_SHORT_GR PF_FLOAT16_GR PF_FLOAT32_GR PF_SHORT_RGB 
10:42:42: RenderSystem capabilities
10:42:42: -------------------------
10:42:42: RenderSystem Name: OpenGL Rendering Subsystem
10:42:42: GPU Vendor: amd
10:42:42: Device Name: ATI Radeon HD 4550
10:42:42: Driver Version: 3.3.11672.0
10:42:42:  * Fixed function pipeline: yes
10:42:42:  * Hardware generation of mipmaps: yes
10:42:42:  * Texture blending: yes
10:42:42:  * Anisotropic texture filtering: yes
10:42:42:  * Dot product texture operation: yes
10:42:42:  * Cube mapping: yes
10:42:42:  * Hardware stencil buffer: yes
10:42:42:    - Stencil depth: 8
10:42:42:    - Two sided stencil support: yes
10:42:42:    - Wrap stencil values: yes
10:42:42:  * Hardware vertex / index buffers: yes
10:42:42:  * Vertex programs: yes
10:42:42:  * Number of floating-point constants for vertex programs: 256
10:42:42:  * Number of integer constants for vertex programs: 0
10:42:42:  * Number of boolean constants for vertex programs: 0
10:42:42:  * Fragment programs: yes
10:42:42:  * Number of floating-point constants for fragment programs: 256
10:42:42:  * Number of integer constants for fragment programs: 0
10:42:42:  * Number of boolean constants for fragment programs: 0
10:42:42:  * Geometry programs: yes
10:42:42:  * Number of floating-point constants for geometry programs: 16384
10:42:42:  * Number of integer constants for geometry programs: 0
10:42:42:  * Number of boolean constants for geometry programs: 0
10:42:42:  * Tesselation Hull programs: no
10:42:42:  * Number of floating-point constants for tesselation hull programs: 0
10:42:42:  * Number of integer constants for tesselation hull programs: 0
10:42:42:  * Number of boolean constants for tesselation hull programs: 0
10:42:42:  * Tesselation Domain programs: no
10:42:42:  * Number of floating-point constants for tesselation domain programs: 0
10:42:42:  * Number of integer constants for tesselation domain programs: 0
10:42:42:  * Number of boolean constants for tesselation domain programs: 0
10:42:42:  * Compute programs: no
10:42:42:  * Number of floating-point constants for compute programs: 0
10:42:42:  * Number of integer constants for compute programs: 0
10:42:42:  * Number of boolean constants for compute programs: 0
10:42:42:  * Supported Shader Profiles: arbfp1 arbvp1 glsl gp4gp gpu_gp nvgp4 ps_1_1 ps_1_2 ps_1_3 ps_1_4
10:42:42:  * Texture Compression: yes
10:42:42:    - DXT: yes
10:42:42:    - VTC: no
10:42:42:    - PVRTC: no
10:42:42:    - BC4/BC5: no
10:42:42:    - BC6H/BC7: no
10:42:42:  * Scissor Rectangle: yes
10:42:42:  * Hardware Occlusion Query: yes
10:42:42:  * User clip planes: yes
10:42:42:  * VET_UBYTE4 vertex element type: yes
10:42:42:  * Infinite far plane projection: yes
10:42:42:  * Hardware render-to-texture: yes
10:42:42:  * Floating point textures: yes
10:42:42:  * Non-power-of-two textures: yes
10:42:42:  * 1d textures: yes
10:42:42:  * Volume textures: yes
10:42:42:  * Multiple Render Targets: 8
10:42:42:    - With different bit depths: yes
10:42:42:  * Point Sprites: yes
10:42:42:  * Extended point parameters: yes
10:42:42:  * Max Point Size: 8192
10:42:42:  * Vertex texture fetch: yes
10:42:42:  * Number of world matrices: 0
10:42:42:  * Number of texture units: 16
10:42:42:  * Stencil buffer depth: 8
10:42:42:  * Number of vertex blend matrices: 0
10:42:42:    - Max vertex textures: 16
10:42:42:    - Vertex textures shared: yes
10:42:42:  * Render to Vertex Buffer : no
10:42:42:  * Hardware Atomic Counters: no
10:42:42:  * GL 1.5 without VBO workaround: no
10:42:42:  * Frame Buffer objects: yes
10:42:42:  * Frame Buffer objects (ARB extension): no
10:42:42:  * Frame Buffer objects (ATI extension): no
10:42:42:  * PBuffer support: yes
10:42:42:  * GL 1.5 without HW-occlusion workaround: no
10:42:42:  * Vertex Array Objects: no
10:42:42:  * Separate shader objects: no
10:42:42: DefaultWorkQueue('Root') initialising on thread 2870.
10:42:42: DefaultWorkQueue('Root')::WorkerFunc - thread 2b98 starting.
10:42:42: DefaultWorkQueue('Root')::WorkerFunc - thread 17b8 starting.
10:42:42: DefaultWorkQueue('Root')::WorkerFunc - thread 2604 starting.
10:42:42: DefaultWorkQueue('Root')::WorkerFunc - thread 1c4c starting.
10:42:42: DefaultWorkQueue('Root')::WorkerFunc - thread 770 starting.
10:42:42: DefaultWorkQueue('Root')::WorkerFunc - thread 1464 starting.
10:42:42: DefaultWorkQueue('Root')::WorkerFunc - thread 2ef8 starting.
10:42:42: Particle Renderer Type 'billboard' registered
10:42:42: DefaultWorkQueue('Root')::WorkerFunc - thread 3724 starting.
10:42:42: SceneManagerFactory for type 'OctreeSceneManager' registered.
10:42:42: Parsing scripts for resource group Autodetect
10:42:42: Finished parsing scripts for resource group Autodetect
10:42:42: Creating resources for group Autodetect
10:42:42: All done
10:42:42: Parsing scripts for resource group Bootstrap
10:42:42: Parsing script OgreCore.material
10:42:42: Parsing script OgreProfiler.material
10:42:42: Parsing script SdkTrays.material
10:42:42: Finished parsing scripts for resource group Bootstrap
10:42:42: Creating resources for group Bootstrap
10:42:42: All done
10:42:42: Parsing scripts for resource group Brushes
10:42:42: Finished parsing scripts for resource group Brushes
10:42:42: Creating resources for group Brushes
10:42:42: All done
10:42:42: Parsing scripts for resource group Caelum
10:42:42: Parsing script DepthRender.program
10:42:42: Parsing script GroundFog.program
10:42:42: Parsing script Haze.program
10:42:42: Parsing script MinimalCompositorVP.program
10:42:42: Parsing script DepthComposer.material
10:42:42: Parsing script GroundFog.material
10:42:42: Parsing script LayeredClouds.material
10:42:42: Parsing script moon.material
10:42:42: Parsing script PointStarfield.material
10:42:42: Parsing script Precipitation.material
10:42:42: Parsing script SkyDome.material
10:42:42: Parsing script Starfield.material
10:42:42: Parsing script Sun.material
10:42:42: Parsing script DepthComposer.compositor
10:42:42: Parsing script Precipitation.compositor
10:42:42: Parsing script Caelum.os
10:42:42: Compiler error: unknown error in Caelum.os(9): token class, caelum_sky_system, unrecognized.
10:42:42: Compiler error: unknown error in Caelum.os(15): token class, caelum_sky_system, unrecognized.
10:42:42: Compiler error: unknown error in Caelum.os(21): token class, point_starfield, unrecognized.
10:42:42: Compiler error: unknown error in Caelum.os(34): token class, sun, unrecognized.
10:42:42: Compiler error: unknown error in Caelum.os(43): token class, moon, unrecognized.
10:42:42: Compiler error: unknown error in Caelum.os(63): token class, sky_dome, unrecognized.
10:42:42: Compiler error: unknown error in Caelum.os(72): token class, caelum_sky_system, unrecognized.
10:42:42: Compiler error: unknown error in Caelum.os(74): token class, cloud_system, unrecognized.
10:42:42: Compiler error: unknown error in Caelum.os(76): token class, cloud_layer, unrecognized.
10:42:42: Compiler error: unknown error in Caelum.os(85): token class, caelum_sky_system, unrecognized.
10:42:42: Compiler error: unknown error in Caelum.os(90): token class, point_starfield, unrecognized.
10:42:42: Compiler error: unknown error in Caelum.os(100): token class, caelum_sky_system, unrecognized.
10:42:42: Compiler error: unknown error in Caelum.os(102): token class, depth_composer, unrecognized.
10:42:42: Compiler error: unknown error in Caelum.os(114): token class, caelum_sky_system, unrecognized.
10:42:42: Compiler error: unknown error in Caelum.os(123): token class, caelum_sky_system, unrecognized.
10:42:42: Compiler error: unknown error in Caelum.os(130): token class, caelum_sky_system, unrecognized.
10:42:42: Compiler error: unknown error in Caelum.os(132): token class, depth_composer, unrecognized.
10:42:42: Compiler error: unknown error in Caelum.os(141): token class, caelum_sky_system, unrecognized.
10:42:42: Compiler error: unknown error in Caelum.os(143): token class, precipitation, unrecognized.
10:42:42: Compiler error: unknown error in Caelum.os(157): token class, caelum_sky_system, unrecognized.
10:42:42: Compiler error: unknown error in Caelum.os(159): token class, precipitation, unrecognized.
10:42:42: Compiler error: unknown error in Caelum.os(167): token class, caelum_sky_system, unrecognized.
10:42:42: Compiler error: unknown error in Caelum.os(174): token class, sun, unrecognized.
10:42:42: Compiler error: unknown error in Caelum.os(180): token class, moon, unrecognized.
10:42:42: Compiler error: unknown error in Caelum.os(187): token class, caelum_sky_system, unrecognized.
10:42:42: Compiler error: unknown error in Caelum.os(194): token class, caelum_sky_system, unrecognized.
10:42:42: Compiler error: unknown error in Caelum.os(196): token class, cloud_system, unrecognized.
10:42:42: Compiler error: unknown error in Caelum.os(197): token class, cloud_layer, unrecognized.
10:42:42: Compiler error: unknown error in Caelum.os(203): token class, cloud_layer, unrecognized.
10:42:42: Compiler error: unknown error in Caelum.os(211): token class, caelum_sky_system, unrecognized.
10:42:42: Compiler error: unknown error in Caelum.os(213): token class, cloud_system, unrecognized.
10:42:42: Compiler error: unknown error in Caelum.os(214): token class, cloud_layer, unrecognized.
10:42:42: Compiler error: unknown error in Caelum.os(218): token class, cloud_layer, unrecognized.
10:42:42: Compiler error: unknown error in Caelum.os(222): token class, cloud_layer, unrecognized.
10:42:42: Compiler error: unknown error in Caelum.os(230): token class, caelum_sky_system, unrecognized.
10:42:42: Compiler error: unknown error in Caelum.os(232): token class, cloud_system, unrecognized.
10:42:42: Compiler error: unknown error in Caelum.os(233): token class, cloud_layer, unrecognized.
10:42:42: Compiler error: unknown error in Caelum.os(248): token class, caelum_sky_system, unrecognized.
10:42:42: Compiler error: unknown error in Caelum.os(250): token class, cloud_system, unrecognized.
10:42:42: Compiler error: unknown error in Caelum.os(251): token class, cloud_layer, unrecognized.
10:42:42: Compiler error: unknown error in Caelum.os(260): token class, cloud_layer, unrecognized.
10:42:42: Compiler error: unknown error in Caelum.os(269): token class, cloud_layer, unrecognized.
10:42:42: Compiler error: unknown error in Caelum.os(281): token class, caelum_sky_system, unrecognized.
10:42:42: Compiler error: unknown error in Caelum.os(283): token class, sky_dome, unrecognized.
10:42:42: Compiler error: unknown error in Caelum.os(289): token class, caelum_sky_system, unrecognized.
10:42:42: Compiler error: unknown error in Caelum.os(291): token class, depth_composer, unrecognized.
10:42:42: Compiler error: unknown error in Caelum.os(301): token class, caelum_sky_system, unrecognized.
10:42:42: Compiler error: unknown error in Caelum.os(306): token class, depth_composer, unrecognized.
10:42:42: Compiler error: unknown error in Caelum.os(313): token class, cloud_system, unrecognized.
10:42:42: Compiler error: unknown error in Caelum.os(314): token class, cloud_layer, unrecognized.
10:42:42: Compiler error: unknown error in Caelum.os(322): token class, cloud_layer, unrecognized.
10:42:42: Finished parsing scripts for resource group Caelum
10:42:42: Creating resources for group Caelum
10:42:42: All done
10:42:42: Parsing scripts for resource group EditorResources
10:42:42: Parsing script Ogitor.material
10:42:42: Parsing script OgitorGizmos.material
10:42:42: Parsing script pssm.material
10:42:42: Parsing script shadows.material
10:42:42: Finished parsing scripts for resource group EditorResources
10:42:42: Creating resources for group EditorResources
10:42:42: All done
10:42:42: Parsing scripts for resource group General
10:42:42: Parsing script P1.material
10:42:42: Parsing script P1.particle
10:42:42: Finished parsing scripts for resource group General
10:42:42: Creating resources for group General
10:42:42: All done
10:42:42: Parsing scripts for resource group Hydrax
10:42:42: Finished parsing scripts for resource group Hydrax
10:42:42: Creating resources for group Hydrax
10:42:42: All done
10:42:42: Parsing scripts for resource group Internal
10:42:42: Finished parsing scripts for resource group Internal
10:42:42: Creating resources for group Internal
10:42:42: All done
10:42:42: Parsing scripts for resource group SkyX
10:42:42: Parsing script SkyX.material
10:42:42: Finished parsing scripts for resource group SkyX
10:42:42: Creating resources for group SkyX
10:42:42: All done
10:42:42: GLRenderSystem::_createRenderWindow "QtOgitorRenderWindow", 1313x676 windowed  miscParams: externalWindowHandle=723836 
10:42:51: Creating resource group ProjectResources
10:42:51: Creating resource group ProjectTemp
10:42:51: Added resource location 'C:/code/ogre19release/ogitor/build/RunPath/Projects/SampleOFS/SampleOFS.ofs::/Temp' of type 'Ofs' to resource group 'ProjectTemp'
10:42:51: Initialising resource group ProjectTemp
10:42:51: Parsing scripts for resource group ProjectTemp
10:42:51: Finished parsing scripts for resource group ProjectTemp
10:42:51: Creating resources for group ProjectTemp
10:42:51: All done
10:42:51: Added resource location 'C:/code/ogre19release/ogitor/build/RunPath/Projects/SampleOFS/SampleOFS.ofs::/Models/' of type 'Ofs' to resource group 'ProjectResources'
10:42:51: Added resource location 'C:/code/ogre19release/ogitor/build/RunPath/Projects/SampleOFS/SampleOFS.ofs::/Materials/' of type 'Ofs' to resource group 'ProjectResources'
10:42:51: Initialising resource group ProjectResources
10:42:51: Parsing scripts for resource group ProjectResources
10:42:51: Parsing script StdQuad_vp.program
10:42:51: Parsing script Barrel.material
10:42:51: Parsing script BlackAndWhite.material
10:42:51: Parsing script Dwarf.material
10:42:51: Parsing script additional.material
10:42:51: Parsing script ball.material
10:42:51: Parsing script crate.material
10:42:51: Parsing script fence4.material
10:42:51: Parsing script hang.bridge.01.material
10:42:51: Parsing script highlander.house.01.material
10:42:51: Parsing script ogre.material
10:42:51: Parsing script rock.05.material
10:42:51: Parsing script rock.07.material
10:42:51: Parsing script skeltorch.material
10:42:51: Parsing script ssao.material
10:42:51: Parsing script tree.05.material
10:42:51: Parsing script tree.07.material
10:42:51: Parsing script tree.09.material
10:42:51: Parsing script BW.compositor
10:42:51: Parsing script ssao.compositor
10:42:51: Finished parsing scripts for resource group ProjectResources
10:42:51: Creating resources for group ProjectResources
10:42:51: All done
10:42:51: Texture: clouds.jpg: Loading 1 faces(PF_R8G8B8,256x256x1) with 5 hardware generated mipmaps from Image. Internal format is PF_X8R8G8B8,256x256x1.
10:42:51: Mesh: Loading scbCamera.mesh.
10:42:51: Mesh: Loading scbLight_Direct.mesh.
10:42:51: Creating resource group TerrainResources
10:42:51: Added resource location 'C:/code/ogre19release/ogitor/build/RunPath/Projects/SampleOFS/SampleOFS.ofs::/Terrain/terrain' of type 'Ofs' to resource group 'TerrainResources'
10:42:51: Creating resource group TerrainGroupNormalHeight
10:42:51: Added resource location 'C:/code/ogre19release/ogitor/build/RunPath/Projects/SampleOFS/SampleOFS.ofs::/Terrain/textures/normalheight' of type 'Ofs' to resource group 'TerrainGroupNormalHeight'
10:42:51: Initialising resource group TerrainGroupNormalHeight
10:42:51: Parsing scripts for resource group TerrainGroupNormalHeight
10:42:51: Finished parsing scripts for resource group TerrainGroupNormalHeight
10:42:51: Creating resources for group TerrainGroupNormalHeight
10:42:51: All done
10:42:51: Creating resource group TerrainGroupDiffuseSpecular
10:42:51: Added resource location 'C:/code/ogre19release/ogitor/build/RunPath/Projects/SampleOFS/SampleOFS.ofs::/Terrain/textures/diffusespecular' of type 'Ofs' to resource group 'TerrainGroupDiffuseSpecular'
10:42:51: Initialising resource group TerrainGroupDiffuseSpecular
10:42:51: Parsing scripts for resource group TerrainGroupDiffuseSpecular
10:42:51: Finished parsing scripts for resource group TerrainGroupDiffuseSpecular
10:42:51: Creating resources for group TerrainGroupDiffuseSpecular
10:42:51: All done
10:42:51: Creating resource group TerrainGroupPlants
10:42:51: Added resource location 'C:/code/ogre19release/ogitor/build/RunPath/Projects/SampleOFS/SampleOFS.ofs::/Terrain/plants' of type 'Ofs' to resource group 'TerrainGroupPlants'
10:42:51: Initialising resource group TerrainGroupPlants
10:42:51: Parsing scripts for resource group TerrainGroupPlants
10:42:51: Parsing script grass.material
10:42:51: Parsing script grass2.material
10:42:51: Parsing script plant1.material
10:42:51: Finished parsing scripts for resource group TerrainGroupPlants
10:42:51: Creating resources for group TerrainGroupPlants
10:42:51: All done
10:42:51: Clearing resource group ProjectResources
10:42:51: Finished clearing resource group ProjectResources
10:42:51: Added resource location 'C:/code/ogre19release/ogitor/build/RunPath/Projects/SampleOFS/SampleOFS.ofs::/Models/' of type 'Ofs' to resource group 'ProjectResources'
10:42:51: Added resource location 'C:/code/ogre19release/ogitor/build/RunPath/Projects/SampleOFS/SampleOFS.ofs::/Materials/' of type 'Ofs' to resource group 'ProjectResources'
10:42:51: Initialising resource group ProjectResources
10:42:51: Parsing scripts for resource group ProjectResources
10:42:51: Parsing script StdQuad_vp.program
10:42:51: Parsing script StdQuad_vp.program
10:42:51: Parsing script Barrel.material
10:42:51: Parsing script BlackAndWhite.material
10:42:51: Parsing script Dwarf.material
10:42:51: Parsing script additional.material
10:42:51: Parsing script ball.material
10:42:51: Parsing script crate.material
10:42:51: Parsing script fence4.material
10:42:51: Parsing script hang.bridge.01.material
10:42:51: Parsing script highlander.house.01.material
10:42:51: Parsing script ogre.material
10:42:51: Parsing script rock.05.material
10:42:51: Parsing script rock.07.material
10:42:51: Parsing script skeltorch.material
10:42:51: Parsing script ssao.material
10:42:51: Parsing script tree.05.material
10:42:51: Parsing script tree.07.material
10:42:51: Parsing script tree.09.material
10:42:51: Parsing script Barrel.material
10:42:51: Parsing script BlackAndWhite.material
10:42:51: Parsing script Dwarf.material
10:42:51: Parsing script additional.material
10:42:51: Parsing script ball.material
10:42:51: Parsing script crate.material
10:42:51: Parsing script fence4.material
10:42:51: Parsing script hang.bridge.01.material
10:42:51: Parsing script highlander.house.01.material
10:42:51: Parsing script ogre.material
10:42:51: Parsing script rock.05.material
10:42:51: Parsing script rock.07.material
10:42:51: Parsing script skeltorch.material
10:42:51: Parsing script ssao.material
10:42:51: Parsing script tree.05.material
10:42:51: Parsing script tree.07.material
10:42:51: Parsing script tree.09.material
10:42:51: Parsing script BW.compositor
10:42:51: Parsing script ssao.compositor
10:42:51: Parsing script BW.compositor
10:42:51: Parsing script ssao.compositor
10:42:51: Finished parsing scripts for resource group ProjectResources
10:42:51: Creating resources for group ProjectResources
10:42:51: All done
10:42:51: Mesh: Loading rock.05.mesh.
10:42:51: Texture: rock.05.png: Loading 1 faces(PF_A8R8G8B8,1024x1024x1) with 5 hardware generated mipmaps from Image. Internal format is PF_A8R8G8B8,1024x1024x1.
10:42:51: Mesh: Loading crate.mesh.
10:42:51: Texture: crate.png: Loading 1 faces(PF_R8G8B8,256x256x1) with 5 hardware generated mipmaps from Image. Internal format is PF_X8R8G8B8,256x256x1.
10:42:51: Mesh: Loading Barrel.mesh.
10:42:51: Texture: RustyBarrel.png: Loading 1 faces(PF_R8G8B8,256x256x1) with 5 hardware generated mipmaps from Image. Internal format is PF_X8R8G8B8,256x256x1.
10:42:51: Mesh: Loading ball.mesh.
10:42:51: Texture: ball.png: Loading 1 faces(PF_R8G8B8,128x128x1) with 5 hardware generated mipmaps from Image. Internal format is PF_X8R8G8B8,128x128x1.
10:42:51: Mesh: Loading tree.09.mesh.
10:42:51: Texture: tree.09.png: Loading 1 faces(PF_A8R8G8B8,512x512x1) with 5 hardware generated mipmaps from Image. Internal format is PF_A8R8G8B8,512x512x1.
10:42:51: Mesh: Loading highlanderhouse.01.mesh.
10:42:51: Texture: highlander.house.01.jpg: Loading 1 faces(PF_R8G8B8,1024x1024x1) with 5 hardware generated mipmaps from Image. Internal format is PF_X8R8G8B8,1024x1024x1.
10:42:51: Terrain created; size=513 minBatch=33 maxBatch=65 treeDepth=4 lodLevels=5 leafLods=2
10:42:51: Creating resource group QTImageConverter
10:42:51: Initialising resource group QTImageConverter
10:42:51: Parsing scripts for resource group QTImageConverter
10:42:51: Finished parsing scripts for resource group QTImageConverter
10:42:51: Creating resources for group QTImageConverter
10:42:51: All done
10:42:51: Texture: QTTextureName: Loading 1 faces(PF_DXT3,512x512x1) with 9 custom mipmaps from Image. Internal format is PF_DXT3,512x512x1.
10:42:51: Texture: QTTextureName: Loading 1 faces(PF_DXT3,512x512x1) with 9 custom mipmaps from Image. Internal format is PF_DXT3,512x512x1.
10:42:52: Texture: QTTextureName: Loading 1 faces(PF_DXT3,512x512x1) with 9 custom mipmaps from Image. Internal format is PF_DXT3,512x512x1.
10:42:52: Texture: QTTextureName: Loading 1 faces(PF_DXT3,512x512x1) with 9 custom mipmaps from Image. Internal format is PF_DXT3,512x512x1.
10:42:52: Texture: QTTextureName: Loading 1 faces(PF_DXT3,512x512x1) with 9 custom mipmaps from Image. Internal format is PF_DXT3,512x512x1.
10:42:52: Texture: QTTextureName: Loading 1 faces(PF_DXT3,512x512x1) with 9 custom mipmaps from Image. Internal format is PF_DXT3,512x512x1.
10:42:52: Texture: QTTextureName: Loading 1 faces(PF_DXT3,512x512x1) with 5 hardware generated mipmaps from Image. Internal format is PF_DXT3,512x512x1.
10:42:52: Texture: QTTextureName: Loading 1 faces(PF_DXT3,512x512x1) with 9 custom mipmaps from Image. Internal format is PF_DXT3,512x512x1.
10:42:52: Texture: QTTextureName: Loading 1 faces(PF_DXT3,512x512x1) with 9 custom mipmaps from Image. Internal format is PF_DXT3,512x512x1.
10:42:52: Texture: QTTextureName: Loading 1 faces(PF_DXT3,512x512x1) with 5 hardware generated mipmaps from Image. Internal format is PF_DXT3,512x512x1.
10:42:52: Texture: QTTextureName: Loading 1 faces(PF_DXT3,512x512x1) with 9 custom mipmaps from Image. Internal format is PF_DXT3,512x512x1.
10:42:52: Texture: QTTextureName: Loading 1 faces(PF_DXT3,512x512x1) with 9 custom mipmaps from Image. Internal format is PF_DXT3,512x512x1.
10:42:52: Texture: QTTextureName: Loading 1 faces(PF_DXT3,512x512x1) with 9 custom mipmaps from Image. Internal format is PF_DXT3,512x512x1.
10:42:52: Texture: QTTextureName: Loading 1 faces(PF_DXT3,512x512x1) with 9 custom mipmaps from Image. Internal format is PF_DXT3,512x512x1.
10:42:52: Texture: QTTextureName: Loading 1 faces(PF_DXT5,1024x1024x1) with 5 hardware generated mipmaps from Image. Internal format is PF_DXT5,1024x1024x1.
10:42:52: Texture: QTTextureName: Loading 1 faces(PF_DXT3,512x512x1) with 9 custom mipmaps from Image. Internal format is PF_DXT3,512x512x1.
10:42:52: Texture: QTTextureName: Loading 1 faces(PF_DXT3,512x512x1) with 9 custom mipmaps from Image. Internal format is PF_DXT3,512x512x1.
10:42:52: Texture: QTTextureName: Loading 1 faces(PF_DXT3,512x512x1) with 9 custom mipmaps from Image. Internal format is PF_DXT3,512x512x1.
10:42:52: Texture: QTTextureName: Loading 1 faces(PF_DXT3,512x512x1) with 9 custom mipmaps from Image. Internal format is PF_DXT3,512x512x1.
10:42:52: Texture: QTTextureName: Loading 1 faces(PF_DXT3,512x512x1) with 9 custom mipmaps from Image. Internal format is PF_DXT3,512x512x1.
10:42:52: Texture: QTTextureName: Loading 1 faces(PF_DXT3,512x512x1) with 9 custom mipmaps from Image. Internal format is PF_DXT3,512x512x1.
10:42:52: Texture: QTTextureName: Loading 1 faces(PF_DXT3,512x512x1) with 9 custom mipmaps from Image. Internal format is PF_DXT3,512x512x1.
10:42:52: Texture: QTTextureName: Loading 1 faces(PF_DXT3,512x512x1) with 9 custom mipmaps from Image. Internal format is PF_DXT3,512x512x1.
10:42:52: Texture: QTTextureName: Loading 1 faces(PF_DXT3,512x512x1) with 9 custom mipmaps from Image. Internal format is PF_DXT3,512x512x1.
10:42:52: Texture: QTTextureName: Loading 1 faces(PF_DXT3,512x512x1) with 9 custom mipmaps from Image. Internal format is PF_DXT3,512x512x1.
10:42:52: Texture: QTTextureName: Loading 1 faces(PF_DXT3,512x512x1) with 9 custom mipmaps from Image. Internal format is PF_DXT3,512x512x1.
10:42:52: Texture: QTTextureName: Loading 1 faces(PF_DXT3,512x512x1) with 9 custom mipmaps from Image. Internal format is PF_DXT3,512x512x1.
10:42:52: Texture: QTTextureName: Loading 1 faces(PF_DXT3,512x512x1) with 9 custom mipmaps from Image. Internal format is PF_DXT3,512x512x1.
10:42:52: Texture: QTTextureName: Loading 1 faces(PF_DXT3,512x512x1) with 9 custom mipmaps from Image. Internal format is PF_DXT3,512x512x1.
10:42:52: Texture: QTTextureName: Loading 1 faces(PF_DXT3,512x512x1) with 9 custom mipmaps from Image. Internal format is PF_DXT3,512x512x1.
10:42:52: Texture: QTTextureName: Loading 1 faces(PF_DXT3,512x512x1) with 9 custom mipmaps from Image. Internal format is PF_DXT3,512x512x1.
10:42:52: Texture: QTTextureName: Loading 1 faces(PF_DXT3,512x512x1) with 9 custom mipmaps from Image. Internal format is PF_DXT3,512x512x1.
10:42:52: Texture: QTTextureName: Loading 1 faces(PF_DXT3,256x256x1) with 8 custom mipmaps from Image. Internal format is PF_DXT3,256x256x1.
10:42:52: Texture: QTTextureName: Loading 1 faces(PF_DXT3,512x512x1) with 9 custom mipmaps from Image. Internal format is PF_DXT3,512x512x1.
10:42:52: Texture: QTTextureName: Loading 1 faces(PF_DXT3,512x512x1) with 9 custom mipmaps from Image. Internal format is PF_DXT3,512x512x1.
10:42:52: Texture: QTTextureName: Loading 1 faces(PF_DXT3,512x512x1) with 9 custom mipmaps from Image. Internal format is PF_DXT3,512x512x1.
10:42:52: Texture: QTTextureName: Loading 1 faces(PF_DXT3,512x512x1) with 9 custom mipmaps from Image. Internal format is PF_DXT3,512x512x1.
10:42:52: Texture: QTTextureName: Loading 1 faces(PF_DXT3,512x512x1) with 9 custom mipmaps from Image. Internal format is PF_DXT3,512x512x1.
10:42:52: Texture: QTTextureName: Loading 1 faces(PF_DXT3,512x512x1) with 9 custom mipmaps from Image. Internal format is PF_DXT3,512x512x1.
10:42:52: Texture: QTTextureName: Loading 1 faces(PF_DXT3,512x512x1) with 5 hardware generated mipmaps from Image. Internal format is PF_DXT3,512x512x1.
10:42:53: Destroying resource group QTImageConverter
10:42:53: Unloading resource group QTImageConverter
10:42:53: Finished unloading resource group QTImageConverter
10:42:53: Creating resource group QTImageConverter
10:42:53: Initialising resource group QTImageConverter
10:42:53: Parsing scripts for resource group QTImageConverter
10:42:53: Finished parsing scripts for resource group QTImageConverter
10:42:53: Creating resources for group QTImageConverter
10:42:53: All done
10:42:53: Texture: grass.png: Loading 1 faces(PF_A8R8G8B8,253x253x1) with 5 hardware generated mipmaps from Image. Internal format is PF_A8R8G8B8,253x253x1.
10:42:53: Texture: grass2.png: Loading 1 faces(PF_A8R8G8B8,253x253x1) with 5 hardware generated mipmaps from Image. Internal format is PF_A8R8G8B8,253x253x1.
10:42:53: Texture: plant1.png: Loading 1 faces(PF_A8R8G8B8,256x256x1) with 5 hardware generated mipmaps from Image. Internal format is PF_A8R8G8B8,256x256x1.
10:42:53: Destroying resource group QTImageConverter
10:42:53: Unloading resource group QTImageConverter
10:42:53: Finished unloading resource group QTImageConverter
10:42:53: Mesh: Loading fence4.mesh.
10:42:53: Texture: fence4.jpg: Loading 1 faces(PF_R8G8B8,512x512x1) with 5 hardware generated mipmaps from Image. Internal format is PF_X8R8G8B8,512x512x1.
10:42:53: Mesh: Loading hang.bridge.01.mesh.
10:42:53: Texture: hang.bridge.01.ropes.png: Loading 1 faces(PF_A8R8G8B8,256x256x1) with 5 hardware generated mipmaps from Image. Internal format is PF_A8R8G8B8,256x256x1.
10:42:53: Texture: hang.bridge.01.boards.jpg: Loading 1 faces(PF_R8G8B8,256x256x1) with 5 hardware generated mipmaps from Image. Internal format is PF_X8R8G8B8,256x256x1.
10:42:53: Texture: hang.bridge.01.pole.jpg: Loading 1 faces(PF_R8G8B8,512x512x1) with 5 hardware generated mipmaps from Image. Internal format is PF_X8R8G8B8,512x512x1.
10:42:53: Texture: hang.bridge.01.pole.end.jpg: Loading 1 faces(PF_R8G8B8,128x128x1) with 5 hardware generated mipmaps from Image. Internal format is PF_X8R8G8B8,128x128x1.
10:42:53: Mesh: Loading rock.07.mesh.
10:42:53: Mesh: Loading skeltorch.mesh.
10:42:53: Texture: TallTorch_Blue.png: Loading 1 faces(PF_A8R8G8B8,512x512x1) with 5 hardware generated mipmaps from Image. Internal format is PF_A8R8G8B8,512x512x1.
10:42:53: Mesh: Loading tree.05.mesh.
10:42:53: Texture: tree.05.png: Loading 1 faces(PF_A8R8G8B8,512x512x1) with 5 hardware generated mipmaps from Image. Internal format is PF_A8R8G8B8,512x512x1.
10:42:53: Mesh: Loading tree.07.mesh.
10:42:53: Texture: tree.07.png: Loading 1 faces(PF_A8R8G8B8,512x512x1) with 5 hardware generated mipmaps from Image. Internal format is PF_A8R8G8B8,512x512x1.
10:42:53: Texture: dirt_grayrocky_diffusespecular.dds: Loading 1 faces(PF_DXT5,1024x1024x1) with 5 hardware generated mipmaps from Image. Internal format is PF_DXT5,1024x1024x1.
10:42:54: Texture: dirt_grayrocky_normalheight.dds: Loading 1 faces(PF_DXT5,1024x1024x1) with 5 hardware generated mipmaps from Image. Internal format is PF_DXT5,1024x1024x1.
10:42:55: Texture: jungle_0_diffusespecular.dds: Loading 1 faces(PF_DXT3,512x512x1) with 9 custom mipmaps from Image. Internal format is PF_DXT3,512x512x1.
10:42:55: Texture: jungle_0_normalheight.dds: Loading 1 faces(PF_DXT3,512x512x1) with 9 custom mipmaps from Image. Internal format is PF_DXT3,512x512x1.
10:42:55: Texture: jungle_5_diffusespecular.dds: Loading 1 faces(PF_DXT3,512x512x1) with 9 custom mipmaps from Image. Internal format is PF_DXT3,512x512x1.
10:42:55: Texture: jungle_5_normalheight.dds: Loading 1 faces(PF_DXT3,512x512x1) with 9 custom mipmaps from Image. Internal format is PF_DXT3,512x512x1.
10:42:55: Texture: jungle_4_diffusespecular.dds: Loading 1 faces(PF_DXT3,512x512x1) with 9 custom mipmaps from Image. Internal format is PF_DXT3,512x512x1.
10:42:55: Texture: jungle_4_normalheight.dds: Loading 1 faces(PF_DXT3,512x512x1) with 9 custom mipmaps from Image. Internal format is PF_DXT3,512x512x1.
10:42:55: Texture: volcano_5_diffusespecular.dds: Loading 1 faces(PF_DXT3,512x512x1) with 9 custom mipmaps from Image. Internal format is PF_DXT3,512x512x1.
10:42:55: Texture: volcano_5_normalheight.dds: Loading 1 faces(PF_DXT3,512x512x1) with 9 custom mipmaps from Image. Internal format is PF_DXT3,512x512x1.
10:42:55: Texture: ice_5_diffusespecular.dds: Loading 1 faces(PF_DXT3,512x512x1) with 9 custom mipmaps from Image. Internal format is PF_DXT3,512x512x1.
10:42:55: Texture: ice_5_normalheight.dds: Loading 1 faces(PF_DXT3,512x512x1) with 9 custom mipmaps from Image. Internal format is PF_DXT3,512x512x1.
10:42:55: Texture: Page0x0_densitymap: Loading 1 faces(PF_A8R8G8B8,1024x1024x1) with 5 hardware generated mipmaps from Image. Internal format is PF_A8R8G8B8,1024x1024x1.
10:42:55: GLSL compiled: Vertex shader was successfully compiled to run on hardware.

10:42:55: Vertex Program:GrassVS_anim_lighting_1_1_1_240_vp GLSL link result : Validation successful.

10:43:19: Added resource location 'C:/code/ogre19release/ogitor/build/RunPath/Projects/SampleOFS/SampleOFS.ofs::/SkyX/' of type 'Ofs' to resource group 'SkyX'
10:43:19: Initialising resource group SkyX
10:43:19: Can't assign material _NULL_ to SubEntity of SkyXMeshEnt because this Material does not exist. Have you forgotten to define it in a .material script?
10:43:19: Texture: SkyX_Starfield.png: Loading 1 faces(PF_A8R8G8B8,512x512x1) with 5 hardware generated mipmaps from Image. Internal format is PF_A8R8G8B8,512x512x1.
10:43:19: Texture: SkyX_Moon.png: Loading 1 faces(PF_A8R8G8B8,512x512x1) with 5 hardware generated mipmaps from Image. Internal format is PF_A8R8G8B8,512x512x1.
10:43:19: Texture: SkyX_MoonHalo.png: Loading 1 faces(PF_A8R8G8B8,512x256x1) with 5 hardware generated mipmaps from Image. Internal format is PF_A8R8G8B8,512x256x1.
10:43:19: Texture: Noise.jpg: Loading 1 faces(PF_R8G8B8,1024x1024x1) with 5 hardware generated mipmaps from Image. Internal format is PF_X8R8G8B8,1024x1024x1.
10:43:20: GLSL compiled: Vertex shader was successfully compiled to run on hardware.

10:43:20: GLSL compiled: Fragment shader was successfully compiled to run on hardware.

10:43:20: Vertex Program:SkyX_Skydome_VP_GLSL Fragment Program:SkyX_Skydome_STARFIELD_LDR_FP_GLSL GLSL link result : Validation warning! - Sampler value uStarfield has not been set.
Validation successful.

10:43:20: GLSL compiled: Vertex shader was successfully compiled to run on hardware.

10:43:20: GLSL compiled: Fragment shader was successfully compiled to run on hardware.

10:43:20: Vertex Program:SkyX_VolClouds_VP_GLSL Fragment Program:SkyX_VolClouds_FP_GLSL GLSL link result : Validation failed! - Different sampler types for same sample texture unit in fragment shader.

10:43:37: [SkyX] VClouds warning: unregistered camera registered, manual unregistering is needed before camera destruction
10:44:26: GLSL compiled: Vertex shader was successfully compiled to run on hardware.

10:44:26: GLSL compiled: Fragment shader was successfully compiled to run on hardware.

10:44:26: Vertex Program:SkyX_VolClouds_Lightning_VP_GLSL Fragment Program:SkyX_VolClouds_Lightning_FP_GLSL GLSL link result : Validation failed! - Different sampler types for same sample texture unit in fragment shader.

10:44:27: GLSL compiled: Vertex shader was successfully compiled to run on hardware.

10:44:27: GLSL compiled: Fragment shader was successfully compiled to run on hardware.

10:44:27: Vertex Program:SkyX_Lightning_VP_GLSL Fragment Program:SkyX_Lightning_FP_GLSL GLSL link result : Validation successful.

10:44:54: Destroying resource group SkyX
10:44:54: Unloading resource group SkyX
10:44:54: Finished unloading resource group SkyX
10:45:32: Added resource location 'C:/code/ogre19release/ogitor/build/RunPath/Projects/SampleOFS/SampleOFS.ofs::/Hydrax/' of type 'Ofs' to resource group 'Hydrax'
10:45:32: [Hydrax] Hydrax created.
10:45:32: [Hydrax] Hydrax.hdx loaded.
10:45:32: [Hydrax] Creating module...
10:45:32: [Hydrax] Creating ProjectedGridVertex module.
10:45:32: [Hydrax] ProjectedGridVertex created.
10:45:32: [Hydrax] Module created.
10:45:32: [Hydrax] Initializating RTT Manager...
10:45:32: [Hydrax] RTT manager initialized.
10:45:32: [Hydrax] Registring device restored listener...
10:45:32: [Hydrax] Device restored listener registred.
10:45:32: [Hydrax] Creating materials...
10:45:32: [Hydrax] Creating water material...
10:45:32: Texture: Fresnel.bmp: Loading 1 faces(PF_L8,256x1x1) with 5 hardware generated mipmaps from Image. Internal format is PF_L8,256x1x1.
10:45:32: Texture: Foam.png: Loading 1 faces(PF_R8G8B8,512x512x1) with 5 hardware generated mipmaps from Image. Internal format is PF_X8R8G8B8,512x512x1.
10:45:32: [Hydrax] Water material created.
10:45:32: [Hydrax] Creating depth material...
10:45:32: Texture: Caustics_0.bmp: Loading 1 faces(PF_R8G8B8,128x128x1) with 5 hardware generated mipmaps from Image. Internal format is PF_X8R8G8B8,128x128x1.
10:45:32: Texture: Caustics_1.bmp: Loading 1 faces(PF_R8G8B8,128x128x1) with 5 hardware generated mipmaps from Image. Internal format is PF_X8R8G8B8,128x128x1.
10:45:32: Texture: Caustics_2.bmp: Loading 1 faces(PF_R8G8B8,128x128x1) with 5 hardware generated mipmaps from Image. Internal format is PF_X8R8G8B8,128x128x1.
10:45:32: Texture: Caustics_3.bmp: Loading 1 faces(PF_R8G8B8,128x128x1) with 5 hardware generated mipmaps from Image. Internal format is PF_X8R8G8B8,128x128x1.
10:45:32: Texture: Caustics_4.bmp: Loading 1 faces(PF_R8G8B8,128x128x1) with 5 hardware generated mipmaps from Image. Internal format is PF_X8R8G8B8,128x128x1.
10:45:32: Texture: Caustics_5.bmp: Loading 1 faces(PF_R8G8B8,128x128x1) with 5 hardware generated mipmaps from Image. Internal format is PF_X8R8G8B8,128x128x1.
10:45:32: Texture: Caustics_6.bmp: Loading 1 faces(PF_R8G8B8,128x128x1) with 5 hardware generated mipmaps from Image. Internal format is PF_X8R8G8B8,128x128x1.
10:45:32: Texture: Caustics_7.bmp: Loading 1 faces(PF_R8G8B8,128x128x1) with 5 hardware generated mipmaps from Image. Internal format is PF_X8R8G8B8,128x128x1.
10:45:32: Texture: Caustics_8.bmp: Loading 1 faces(PF_R8G8B8,128x128x1) with 5 hardware generated mipmaps from Image. Internal format is PF_X8R8G8B8,128x128x1.
10:45:32: Texture: Caustics_9.bmp: Loading 1 faces(PF_R8G8B8,128x128x1) with 5 hardware generated mipmaps from Image. Internal format is PF_X8R8G8B8,128x128x1.
10:45:32: Texture: Caustics_10.bmp: Loading 1 faces(PF_R8G8B8,128x128x1) with 5 hardware generated mipmaps from Image. Internal format is PF_X8R8G8B8,128x128x1.
10:45:32: Texture: Caustics_11.bmp: Loading 1 faces(PF_R8G8B8,128x128x1) with 5 hardware generated mipmaps from Image. Internal format is PF_X8R8G8B8,128x128x1.
10:45:32: Texture: Caustics_12.bmp: Loading 1 faces(PF_R8G8B8,128x128x1) with 5 hardware generated mipmaps from Image. Internal format is PF_X8R8G8B8,128x128x1.
10:45:32: Texture: Caustics_13.bmp: Loading 1 faces(PF_R8G8B8,128x128x1) with 5 hardware generated mipmaps from Image. Internal format is PF_X8R8G8B8,128x128x1.
10:45:32: Texture: Caustics_14.bmp: Loading 1 faces(PF_R8G8B8,128x128x1) with 5 hardware generated mipmaps from Image. Internal format is PF_X8R8G8B8,128x128x1.
10:45:32: Texture: Caustics_15.bmp: Loading 1 faces(PF_R8G8B8,128x128x1) with 5 hardware generated mipmaps from Image. Internal format is PF_X8R8G8B8,128x128x1.
10:45:32: Texture: Caustics_16.bmp: Loading 1 faces(PF_R8G8B8,128x128x1) with 5 hardware generated mipmaps from Image. Internal format is PF_X8R8G8B8,128x128x1.
10:45:32: Texture: Caustics_17.bmp: Loading 1 faces(PF_R8G8B8,128x128x1) with 5 hardware generated mipmaps from Image. Internal format is PF_X8R8G8B8,128x128x1.
10:45:32: Texture: Caustics_18.bmp: Loading 1 faces(PF_R8G8B8,128x128x1) with 5 hardware generated mipmaps from Image. Internal format is PF_X8R8G8B8,128x128x1.
10:45:32: Texture: Caustics_19.bmp: Loading 1 faces(PF_R8G8B8,128x128x1) with 5 hardware generated mipmaps from Image. Internal format is PF_X8R8G8B8,128x128x1.
10:45:32: Texture: Caustics_20.bmp: Loading 1 faces(PF_R8G8B8,128x128x1) with 5 hardware generated mipmaps from Image. Internal format is PF_X8R8G8B8,128x128x1.
10:45:32: Texture: Caustics_21.bmp: Loading 1 faces(PF_R8G8B8,128x128x1) with 5 hardware generated mipmaps from Image. Internal format is PF_X8R8G8B8,128x128x1.
10:45:32: Texture: Caustics_22.bmp: Loading 1 faces(PF_R8G8B8,128x128x1) with 5 hardware generated mipmaps from Image. Internal format is PF_X8R8G8B8,128x128x1.
10:45:32: Texture: Caustics_23.bmp: Loading 1 faces(PF_R8G8B8,128x128x1) with 5 hardware generated mipmaps from Image. Internal format is PF_X8R8G8B8,128x128x1.
10:45:32: Texture: Caustics_24.bmp: Loading 1 faces(PF_R8G8B8,128x128x1) with 5 hardware generated mipmaps from Image. Internal format is PF_X8R8G8B8,128x128x1.
10:45:32: Texture: Caustics_25.bmp: Loading 1 faces(PF_R8G8B8,128x128x1) with 5 hardware generated mipmaps from Image. Internal format is PF_X8R8G8B8,128x128x1.
10:45:32: Texture: Caustics_26.bmp: Loading 1 faces(PF_R8G8B8,128x128x1) with 5 hardware generated mipmaps from Image. Internal format is PF_X8R8G8B8,128x128x1.
10:45:32: Texture: Caustics_27.bmp: Loading 1 faces(PF_R8G8B8,128x128x1) with 5 hardware generated mipmaps from Image. Internal format is PF_X8R8G8B8,128x128x1.
10:45:32: Texture: Caustics_28.bmp: Loading 1 faces(PF_R8G8B8,128x128x1) with 5 hardware generated mipmaps from Image. Internal format is PF_X8R8G8B8,128x128x1.
10:45:32: Texture: Caustics_29.bmp: Loading 1 faces(PF_R8G8B8,128x128x1) with 5 hardware generated mipmaps from Image. Internal format is PF_X8R8G8B8,128x128x1.
10:45:32: Texture: Caustics_30.bmp: Loading 1 faces(PF_R8G8B8,128x128x1) with 5 hardware generated mipmaps from Image. Internal format is PF_X8R8G8B8,128x128x1.
10:45:32: Texture: Caustics_31.bmp: Loading 1 faces(PF_R8G8B8,128x128x1) with 5 hardware generated mipmaps from Image. Internal format is PF_X8R8G8B8,128x128x1.
10:45:32: [Hydrax] Depth material created.
10:45:32: [Hydrax] Creating underwater material...
10:45:32: OGRE EXCEPTION(6:FileNotFoundException): Cannot locate resource HydraxDepthReflectionMap in resource group Hydrax or any other group. in ResourceGroupManager::openResource at ..\..\OgreMain\src\OgreResourceGroupManager.cpp (line 756)
10:45:32: Error loading texture HydraxDepthReflectionMap. Texture layer will be blank. Loading the texture failed with the following exception: OGRE EXCEPTION(6:FileNotFoundException): Cannot locate resource HydraxDepthReflectionMap in resource group Hydrax or any other group. in ResourceGroupManager::openResource at ..\..\OgreMain\src\OgreResourceGroupManager.cpp (line 756)
10:45:32: Texture: UnderwaterDistortion.jpg: Loading 1 faces(PF_R8G8B8,256x256x1) with 5 hardware generated mipmaps from Image. Internal format is PF_X8R8G8B8,256x256x1.
10:45:32: [Hydrax] Underwater material created.
10:45:32: [Hydrax] Materials created.
10:45:32: [Hydrax] Creating god rays...
10:45:32: [Hydrax] Perlin destroyed.
10:45:32: [Hydrax] God rays created.
10:45:32: [Hydrax] Creating water mesh...
10:45:32: [Hydrax] Water mesh created.
10:45:32: Texture: clouds.jpg: Loading 1 faces(PF_R8G8B8,256x256x1) with 5 hardware generated mipmaps from Image. Internal format is PF_X8R8G8B8,256x256x1.
10:47:23: [Hydrax] Perlin destroyed.
10:47:23: [Hydrax] ProjectedGridVertex destroyed.
10:47:23: [Hydrax] Perlin destroyed.
10:47:23: [Hydrax] Hydrax object removed.
10:47:23: Destroying resource group Hydrax
10:47:23: Unloading resource group Hydrax
10:47:23: Finished unloading resource group Hydrax
10:47:23: Destroying resource group TerrainResources
10:47:23: Unloading resource group TerrainResources
10:47:23: Finished unloading resource group TerrainResources
10:47:23: Destroying resource group TerrainGroupNormalHeight
10:47:23: Unloading resource group TerrainGroupNormalHeight
10:47:23: Finished unloading resource group TerrainGroupNormalHeight
10:47:23: Destroying resource group TerrainGroupDiffuseSpecular
10:47:23: Unloading resource group TerrainGroupDiffuseSpecular
10:47:23: Finished unloading resource group TerrainGroupDiffuseSpecular
10:47:23: Destroying resource group TerrainGroupPlants
10:47:23: Unloading resource group TerrainGroupPlants
10:47:23: Finished unloading resource group TerrainGroupPlants
10:47:23: Destroying resource group ProjectResources
10:47:23: Unloading resource group ProjectResources
10:47:23: Finished unloading resource group ProjectResources
10:47:23: Destroying resource group ProjectTemp
10:47:23: Unloading resource group ProjectTemp
10:47:23: Finished unloading resource group ProjectTemp
10:47:24: Unloading library ../Plugins/OgAngelScript.dll
10:47:24: Unloading library ../Plugins/CustomSerializer.dll
10:47:24: Unloading library ../Plugins/DotSceneSerializer.dll
10:47:24: Unloading library ../Plugins/OgAngelDialogManager.dll
10:47:24: Unloading library ../Plugins/OgCaelum.dll
10:47:24: Unloading library ../Plugins/OgHydrax.dll
10:47:24: Unloading library ../Plugins/OgMaterialEditor.dll
10:47:24: Unloading library ../Plugins/OgModularZone.dll
10:47:24: Unloading library ../Plugins/OgScreenEffectEditor.dll
10:47:24: Unloading library ../Plugins/OgScriptEditor.dll
10:47:24: Unloading library ../Plugins/OgSkyX.dll
10:47:24: DefaultWorkQueue('Root') shutting down on thread 2870.
10:47:24: DefaultWorkQueue('Root')::WorkerFunc - thread 1464 stopped.
10:47:24: DefaultWorkQueue('Root')::WorkerFunc - thread 3724 stopped.
10:47:24: DefaultWorkQueue('Root')::WorkerFunc - thread 770 stopped.
10:47:24: DefaultWorkQueue('Root')::WorkerFunc - thread 2ef8 stopped.
10:47:24: DefaultWorkQueue('Root')::WorkerFunc - thread 1c4c stopped.
10:47:24: DefaultWorkQueue('Root')::WorkerFunc - thread 2b98 stopped.
10:47:24: DefaultWorkQueue('Root')::WorkerFunc - thread 17b8 stopped.
10:47:24: DefaultWorkQueue('Root')::WorkerFunc - thread 2604 stopped.
10:47:24: *-*-* OGRE Shutdown
10:47:24: Unregistering ResourceManager for type Compositor
10:47:24: Unregistering ResourceManager for type Skeleton
10:47:24: Unregistering ResourceManager for type Mesh
10:47:24: Unregistering ResourceManager for type HighLevelGpuProgram
10:47:24: Uninstalling plugin: OFS Archive
10:47:24: Plugin successfully uninstalled
10:47:24: Unloading library .\OgreOfsPlugin
10:47:24: Uninstalling plugin: Octree Scene Manager
10:47:24: Plugin successfully uninstalled
10:47:24: Unloading library .\Plugin_OctreeSceneManager
10:47:24: Uninstalling plugin: Cg Program Manager
10:47:24: Plugin successfully uninstalled
10:47:24: Unloading library .\Plugin_CgProgramManager
10:47:24: Uninstalling plugin: ParticleFX
10:47:24: Plugin successfully uninstalled
10:47:24: Unloading library .\Plugin_ParticleFX
10:47:24: Uninstalling plugin: GL RenderSystem
10:47:24: Unregistering ResourceManager for type GpuProgram
10:47:24: *** Stopping Win32GL Subsystem ***
10:47:24: Unregistering ResourceManager for type Texture
10:47:24: Plugin successfully uninstalled
10:47:24: Unloading library .\RenderSystem_GL
10:47:24: Uninstalling plugin: D3D9 RenderSystem
10:47:24: D3D9 : Shutting down cleanly.
10:47:24: D3D9 : Direct3D9 Rendering Subsystem destroyed.
10:47:24: Plugin successfully uninstalled
10:47:24: Unloading library .\RenderSystem_Direct3D9
10:47:24: Unregistering ResourceManager for type Material
